<?xml version="1.0" encoding="UTF-8"?>
<testng-results ignored="0" total="1" passed="1" failed="0" skipped="0">
  <reporter-output>
  </reporter-output>
  <suite started-at="2023-11-10T14:55:35 PST" name="Default suite" finished-at="2023-11-10T14:55:52 PST" duration-ms="17003">
    <groups>
      <group name="cucumber">
        <method signature="AbstractTestNGCucumberTests.runScenario(io.cucumber.testng.PickleWrapper,io.cucumber.testng.FeatureWrapper)[pri:0, instance:com.cucumber.runners.RunnerForSalesForce@7bba5817]" name="runScenario" class="io.cucumber.testng.AbstractTestNGCucumberTests"/>
      </group> <!-- cucumber -->
    </groups>
    <test started-at="2023-11-10T14:55:35 PST" name="Default test" finished-at="2023-11-10T14:55:52 PST" duration-ms="17003">
      <class name="com.cucumber.runners.RunnerForSalesForce">
        <test-method is-config="true" signature="setUpClass(org.testng.ITestContext)[pri:0, instance:com.cucumber.runners.RunnerForSalesForce@7bba5817]" started-at="2023-11-10T14:55:35 PST" name="setUpClass" finished-at="2023-11-10T14:55:35 PST" duration-ms="198" status="PASS">
          <params>
            <param index="0">
              <value>
                <![CDATA[org.testng.TestRunner@12e0f1cb]]>
              </value>
            </param>
          </params>
          <reporter-output>
          </reporter-output>
        </test-method> <!-- setUpClass -->
        <test-method signature="runScenario(io.cucumber.testng.PickleWrapper,io.cucumber.testng.FeatureWrapper)[pri:0, instance:com.cucumber.runners.RunnerForSalesForce@7bba5817]" started-at="2023-11-10T14:55:35 PST" name="runScenario" description="Runs Cucumber Scenarios" data-provider="scenarios" finished-at="2023-11-10T14:55:52 PST" duration-ms="16755" status="PASS">
          <params>
            <param index="0">
              <value>
                <![CDATA["Check login is sucessful with valid credentials"]]>
              </value>
            </param>
            <param index="1">
              <value>
                <![CDATA["Login into salesforce application"]]>
              </value>
            </param>
          </params>
          <reporter-output>
          </reporter-output>
        </test-method> <!-- runScenario -->
        <test-method is-config="true" signature="tearDownClass()[pri:0, instance:com.cucumber.runners.RunnerForSalesForce@7bba5817]" started-at="2023-11-10T14:55:52 PST" name="tearDownClass" finished-at="2023-11-10T14:55:52 PST" duration-ms="3" status="PASS">
          <reporter-output>
          </reporter-output>
        </test-method> <!-- tearDownClass -->
      </class> <!-- com.cucumber.runners.RunnerForSalesForce -->
    </test> <!-- Default test -->
  </suite> <!-- Default suite -->
</testng-results>
